2023-04-24 01:55:27,799 [1] DEBUG ConcursClient.Program - Started program
2023-04-24 01:56:42,478 [1] DEBUG ConcursClient.Program - Started program
2023-04-25 20:45:22,214 [1] DEBUG ConcursClient.Program - Started program
2023-04-25 21:14:18,019 [1] DEBUG ConcursClient.Program - Started program
2023-04-25 21:17:30,382 [1] DEBUG ConcursClient.Program - Started program
2023-04-25 21:17:56,516 [1] DEBUG ConcursClient.Program - Started program
2023-04-25 21:20:38,594 [1] DEBUG ConcursClient.Program - Started program
2023-04-25 21:22:57,318 [1] DEBUG ConcursClient.Program - Started program
2023-04-25 21:24:21,338 [1] DEBUG ConcursClient.Program - Started program
2023-04-25 21:28:38,561 [1] DEBUG ConcursClient.Program - Started program
2023-04-25 21:29:58,169 [1] DEBUG ConcursClient.Program - Started program
2023-04-25 21:30:50,042 [1] DEBUG ConcursClient.Program - Started program
2023-04-25 21:35:37,685 [1] DEBUG ConcursClient.Program - Started program
2023-04-25 21:36:05,547 [1] DEBUG ConcursClient.Program - Started program
2023-04-25 21:39:45,734 [1] DEBUG ConcursClient.Program - Started program
2023-04-25 21:48:05,678 [1] DEBUG ConcursClient.Program - Started program
2023-04-25 21:50:03,734 [1] DEBUG ConcursClient.Program - Started program
2023-04-25 21:53:57,254 [1] DEBUG ConcursClient.Program - Started program
2023-04-25 21:58:21,451 [1] DEBUG ConcursClient.Program - Started program
2023-04-25 22:04:14,088 [1] DEBUG ConcursClient.Program - Started program
2023-04-25 22:05:02,672 [1] DEBUG ConcursClient.Program - Started program
2023-04-25 22:07:46,468 [1] DEBUG ConcursClient.Program - Started program
2023-04-25 22:09:18,275 [1] DEBUG ConcursClient.Program - Started program
2023-04-25 22:18:43,571 [1] DEBUG ConcursClient.Program - Started program
2023-04-25 22:20:14,573 [1] DEBUG ConcursClient.Program - Started program
2023-04-26 02:39:38,914 [1] DEBUG ConcursClient.Program - Started program
2023-04-26 02:42:35,751 [1] DEBUG ConcursClient.Program - Started program
2023-04-26 02:44:46,342 [1] DEBUG ConcursClient.Program - Started program
2023-04-26 02:45:31,101 [1] DEBUG ConcursClient.Program - Started program
2023-04-26 02:45:58,740 [1] DEBUG ConcursClient.Program - Started program
2023-04-26 02:46:45,668 [1] DEBUG ConcursClient.Program - Started program
2023-04-26 02:48:43,306 [1] DEBUG ConcursClient.Program - Started program
2023-04-26 02:49:29,784 [1] DEBUG ConcursClient.Program - Started program
2023-04-26 02:49:57,628 [1] DEBUG ConcursClient.Program - Started program
2023-04-26 02:52:12,152 [1] DEBUG ConcursClient.Program - Started program
2023-04-26 02:52:58,644 [1] DEBUG ConcursClient.Program - Started program
2023-04-26 02:57:04,027 [1] DEBUG ConcursClient.Program - Started program
2023-04-26 02:57:34,289 [1] DEBUG ConcursClient.Program - Started program
2023-04-26 03:05:45,865 [1] DEBUG ConcursClient.Program - Started program
2023-04-26 03:08:44,170 [1] DEBUG ConcursClient.Program - Started program
2023-04-26 03:10:03,136 [1] DEBUG ConcursClient.Program - Started program
2023-04-26 03:31:28,090 [1] DEBUG ConcursClient.Program - Started program
2023-04-26 03:32:59,159 [1] DEBUG ConcursClient.Program - Started program
2023-04-26 03:34:08,648 [1] ERROR ConcursForms.Form2 - ConcursServices.ConcursException: Varsta participantului este invalida! 
   at ConcursNetwork.rpcprotocol.ConcursServicesRpcProxy.addParticipant(Participant participant) in C:\Users\Mescareid\OneDrive\Desktop\Facultate\MPP\Csharp\ConcursNetwork\ConcursNetwork\ConcursNetworking\rpcprotocol\ConcursServicesRpcProxy.cs:line 79
   at ConcursClient.ConcursClientCtrl.addParticipant(String nume, Int32 varsta, Int32[] probe) in C:\Users\Mescareid\OneDrive\Desktop\Facultate\MPP\Csharp\ConcursNetwork\ConcursNetwork\ConcursClient\ConcursClientCtrl.cs:line 44
   at ConcursForms.Form2.inscrieButton_Click(Object sender, EventArgs e) in C:\Users\Mescareid\OneDrive\Desktop\Facultate\MPP\Csharp\ConcursNetwork\ConcursNetwork\ConcursClient\Form2.cs:line 162
2023-04-26 03:35:30,734 [1] DEBUG ConcursClient.Program - Started program
2023-04-26 03:41:38,581 [1] DEBUG ConcursClient.Program - Started program
2023-04-26 03:44:27,139 [1] DEBUG ConcursClient.Program - Started program
2023-04-26 03:47:02,644 [1] DEBUG ConcursClient.Program - Started program
2023-04-26 12:41:34,652 [1] DEBUG ConcursClient.Program - Started program
2023-04-26 12:42:48,472 [1] ERROR ConcursForms.Form2 - ConcursServices.ConcursException: Varsta participantului este invalida! 
   at ConcursNetwork.rpcprotocol.ConcursServicesRpcProxy.addParticipant(Participant participant) in C:\Users\Mescareid\OneDrive\Desktop\Facultate\MPP\Csharp\ConcursNetwork\ConcursNetwork\ConcursNetworking\rpcprotocol\ConcursServicesRpcProxy.cs:line 79
   at ConcursClient.ConcursClientCtrl.addParticipant(String nume, Int32 varsta, Int32[] probe) in C:\Users\Mescareid\OneDrive\Desktop\Facultate\MPP\Csharp\ConcursNetwork\ConcursNetwork\ConcursClient\ConcursClientCtrl.cs:line 44
   at ConcursForms.Form2.inscrieButton_Click(Object sender, EventArgs e) in C:\Users\Mescareid\OneDrive\Desktop\Facultate\MPP\Csharp\ConcursNetwork\ConcursNetwork\ConcursClient\Form2.cs:line 167
2023-04-26 12:54:02,478 [1] DEBUG ConcursClient.Program - Started program
2023-04-26 12:55:36,709 [1] DEBUG ConcursClient.Program - Started program
2023-04-27 23:11:11,388 [1] DEBUG ConcursClient.Program - Started program
2023-04-30 20:49:12,593 [1] DEBUG ConcursClient.Program - Started program
2024-04-21 14:28:28,984 [1] DEBUG ConcursClient.Program - Started program
2024-04-21 14:29:41,587 [1] DEBUG ConcursClient.Program - Started program
2024-04-21 14:34:56,196 [1] DEBUG ConcursClient.Program - Started program
2024-04-21 14:38:31,372 [1] DEBUG ConcursClient.Program - Started program
2024-04-21 14:39:48,018 [1] DEBUG ConcursClient.Program - Started program
2024-04-21 14:44:05,504 [1] DEBUG ConcursClient.Program - Started program
2024-04-22 12:59:54,373 [1] DEBUG ConcursClient.Program - Started program
2024-04-22 13:13:47,730 [1] DEBUG ConcursClient.Program - Started program
2024-04-22 13:14:16,108 [1] DEBUG ConcursClient.Program - Started program
2024-04-22 13:16:12,303 [1] DEBUG ConcursClient.Program - Started program
2024-04-22 13:18:07,949 [1] DEBUG ConcursClient.Program - Started program
2024-04-22 13:19:11,773 [1] DEBUG ConcursClient.Program - Started program
2024-04-22 13:20:49,341 [1] DEBUG ConcursClient.Program - Started program
2024-04-22 13:23:06,159 [1] DEBUG ConcursClient.Program - Started program
2024-04-22 13:25:33,318 [1] DEBUG ConcursClient.Program - Started program
2024-04-22 13:25:58,825 [1] DEBUG ConcursClient.Program - Started program
2024-04-22 13:27:18,030 [1] DEBUG ConcursClient.Program - Started program
2024-04-22 13:40:05,709 [1] DEBUG ConcursClient.Program - Started program
2024-04-22 15:58:41,119 [1] DEBUG ConcursClient.Program - Started program
2024-04-22 15:59:20,786 [1] DEBUG ConcursClient.Program - Started program
2024-04-22 16:05:14,835 [1] DEBUG ConcursClient.Program - Started program
2024-04-22 16:05:33,687 [1] DEBUG ConcursClient.Program - Started program
